<?xml version="1.0" encoding="UTF-8"?>
<testng-results skipped="0" failed="0" ignored="0" total="4" passed="4">
  <reporter-output>
  </reporter-output>
  <suite name="All Test Suite" duration-ms="8863" started-at="2023-02-14T08:28:31Z" finished-at="2023-02-14T08:28:40Z">
    <groups>
    </groups>
    <test name="Login Test" duration-ms="8863" started-at="2023-02-14T08:28:31Z" finished-at="2023-02-14T08:28:40Z">
      <class name="org.tests.loginTest">
        <test-method status="PASS" signature="initilization()[pri:0, instance:org.tests.loginTest@1445d7f]" name="initilization" is-config="true" duration-ms="5464" started-at="2023-02-14T08:28:31Z" finished-at="2023-02-14T08:28:37Z">
          <reporter-output>
          </reporter-output>
        </test-method> <!-- initilization -->
        <test-method status="PASS" signature="initilization()[pri:0, instance:org.tests.loginTest@1445d7f]" name="initilization" is-config="true" duration-ms="5389" started-at="2023-02-14T08:28:31Z" finished-at="2023-02-14T08:28:36Z">
          <reporter-output>
          </reporter-output>
        </test-method> <!-- initilization -->
        <test-method status="PASS" signature="initilization()[pri:0, instance:org.tests.loginTest@1445d7f]" name="initilization" is-config="true" duration-ms="5668" started-at="2023-02-14T08:28:31Z" finished-at="2023-02-14T08:28:37Z">
          <reporter-output>
          </reporter-output>
        </test-method> <!-- initilization -->
        <test-method status="PASS" signature="invalidLogin()[pri:0, instance:org.tests.loginTest@1445d7f]" name="invalidLogin" duration-ms="926" started-at="2023-02-14T08:28:36Z" finished-at="2023-02-14T08:28:37Z">
          <reporter-output>
          </reporter-output>
        </test-method> <!-- invalidLogin -->
        <test-method status="PASS" signature="loginFailed()[pri:0, instance:org.tests.loginTest@1445d7f]" name="loginFailed" duration-ms="1679" started-at="2023-02-14T08:28:37Z" finished-at="2023-02-14T08:28:38Z">
          <reporter-output>
          </reporter-output>
        </test-method> <!-- loginFailed -->
        <test-method status="PASS" signature="validLogin()[pri:0, instance:org.tests.loginTest@1445d7f]" name="validLogin" duration-ms="2249" started-at="2023-02-14T08:28:37Z" finished-at="2023-02-14T08:28:39Z">
          <reporter-output>
          </reporter-output>
        </test-method> <!-- validLogin -->
        <test-method status="PASS" signature="tearDown()[pri:0, instance:org.tests.loginTest@1445d7f]" name="tearDown" is-config="true" duration-ms="90" started-at="2023-02-14T08:28:37Z" finished-at="2023-02-14T08:28:37Z">
          <reporter-output>
          </reporter-output>
        </test-method> <!-- tearDown -->
        <test-method status="PASS" signature="tearDown()[pri:0, instance:org.tests.loginTest@1445d7f]" name="tearDown" is-config="true" duration-ms="79" started-at="2023-02-14T08:28:38Z" finished-at="2023-02-14T08:28:38Z">
          <reporter-output>
          </reporter-output>
        </test-method> <!-- tearDown -->
        <test-method status="PASS" signature="tearDown()[pri:0, instance:org.tests.loginTest@1445d7f]" name="tearDown" is-config="true" duration-ms="77" started-at="2023-02-14T08:28:39Z" finished-at="2023-02-14T08:28:39Z">
          <reporter-output>
          </reporter-output>
        </test-method> <!-- tearDown -->
      </class> <!-- org.tests.loginTest -->
      <class name="org.tests.cartTest">
        <test-method status="PASS" signature="initilization()[pri:0, instance:org.tests.cartTest@6a396c1e]" name="initilization" is-config="true" duration-ms="5286" started-at="2023-02-14T08:28:31Z" finished-at="2023-02-14T08:28:36Z">
          <reporter-output>
          </reporter-output>
        </test-method> <!-- initilization -->
        <test-method status="PASS" signature="addComputerToCart()[pri:0, instance:org.tests.cartTest@6a396c1e]" name="addComputerToCart" duration-ms="3482" started-at="2023-02-14T08:28:36Z" finished-at="2023-02-14T08:28:40Z">
          <reporter-output>
          </reporter-output>
        </test-method> <!-- addComputerToCart -->
        <test-method status="PASS" signature="tearDown()[pri:0, instance:org.tests.cartTest@6a396c1e]" name="tearDown" is-config="true" duration-ms="82" started-at="2023-02-14T08:28:40Z" finished-at="2023-02-14T08:28:40Z">
          <reporter-output>
          </reporter-output>
        </test-method> <!-- tearDown -->
      </class> <!-- org.tests.cartTest -->
    </test> <!-- Login Test -->
  </suite> <!-- All Test Suite -->
</testng-results>
