<?xml version="1.0" encoding="UTF-8"?>
<testng-results skipped="0" failed="0" ignored="0" total="4" passed="4">
  <reporter-output>
  </reporter-output>
  <suite name="All Test Suite" duration-ms="13825" started-at="2023-02-08T08:24:51Z" finished-at="2023-02-08T08:25:05Z">
    <groups>
    </groups>
    <test name="Login Test" duration-ms="13825" started-at="2023-02-08T08:24:51Z" finished-at="2023-02-08T08:25:05Z">
      <class name="org.tests.loginTest">
        <test-method status="PASS" signature="initilization()[pri:0, instance:org.tests.loginTest@1445d7f]" name="initilization" is-config="true" duration-ms="8430" started-at="2023-02-08T08:24:51Z" finished-at="2023-02-08T08:25:00Z">
          <reporter-output>
          </reporter-output>
        </test-method> <!-- initilization -->
        <test-method status="PASS" signature="initilization()[pri:0, instance:org.tests.loginTest@1445d7f]" name="initilization" is-config="true" duration-ms="7644" started-at="2023-02-08T08:24:51Z" finished-at="2023-02-08T08:24:59Z">
          <reporter-output>
          </reporter-output>
        </test-method> <!-- initilization -->
        <test-method status="PASS" signature="initilization()[pri:0, instance:org.tests.loginTest@1445d7f]" name="initilization" is-config="true" duration-ms="8574" started-at="2023-02-08T08:24:51Z" finished-at="2023-02-08T08:25:00Z">
          <reporter-output>
          </reporter-output>
        </test-method> <!-- initilization -->
        <test-method status="PASS" signature="validLogin()[pri:0, instance:org.tests.loginTest@1445d7f]" name="validLogin" duration-ms="3532" started-at="2023-02-08T08:24:59Z" finished-at="2023-02-08T08:25:02Z">
          <reporter-output>
          </reporter-output>
        </test-method> <!-- validLogin -->
        <test-method status="PASS" signature="invalidLogin()[pri:0, instance:org.tests.loginTest@1445d7f]" name="invalidLogin" duration-ms="1599" started-at="2023-02-08T08:25:00Z" finished-at="2023-02-08T08:25:01Z">
          <reporter-output>
          </reporter-output>
        </test-method> <!-- invalidLogin -->
        <test-method status="PASS" signature="loginFailed()[pri:0, instance:org.tests.loginTest@1445d7f]" name="loginFailed" duration-ms="2362" started-at="2023-02-08T08:25:00Z" finished-at="2023-02-08T08:25:02Z">
          <reporter-output>
          </reporter-output>
        </test-method> <!-- loginFailed -->
        <test-method status="PASS" signature="tearDown()[pri:0, instance:org.tests.loginTest@1445d7f]" name="tearDown" is-config="true" duration-ms="178" started-at="2023-02-08T08:25:01Z" finished-at="2023-02-08T08:25:01Z">
          <reporter-output>
          </reporter-output>
        </test-method> <!-- tearDown -->
        <test-method status="PASS" signature="tearDown()[pri:0, instance:org.tests.loginTest@1445d7f]" name="tearDown" is-config="true" duration-ms="85" started-at="2023-02-08T08:25:02Z" finished-at="2023-02-08T08:25:02Z">
          <reporter-output>
          </reporter-output>
        </test-method> <!-- tearDown -->
        <test-method status="PASS" signature="tearDown()[pri:0, instance:org.tests.loginTest@1445d7f]" name="tearDown" is-config="true" duration-ms="110" started-at="2023-02-08T08:25:02Z" finished-at="2023-02-08T08:25:02Z">
          <reporter-output>
          </reporter-output>
        </test-method> <!-- tearDown -->
      </class> <!-- org.tests.loginTest -->
      <class name="org.tests.cartTest">
        <test-method status="PASS" signature="initilization()[pri:0, instance:org.tests.cartTest@6a396c1e]" name="initilization" is-config="true" duration-ms="8711" started-at="2023-02-08T08:24:51Z" finished-at="2023-02-08T08:25:00Z">
          <reporter-output>
          </reporter-output>
        </test-method> <!-- initilization -->
        <test-method status="PASS" signature="addComputerToCart()[pri:0, instance:org.tests.cartTest@6a396c1e]" name="addComputerToCart" duration-ms="4943" started-at="2023-02-08T08:25:00Z" finished-at="2023-02-08T08:25:05Z">
          <reporter-output>
          </reporter-output>
        </test-method> <!-- addComputerToCart -->
        <test-method status="PASS" signature="tearDown()[pri:0, instance:org.tests.cartTest@6a396c1e]" name="tearDown" is-config="true" duration-ms="129" started-at="2023-02-08T08:25:05Z" finished-at="2023-02-08T08:25:05Z">
          <reporter-output>
          </reporter-output>
        </test-method> <!-- tearDown -->
      </class> <!-- org.tests.cartTest -->
    </test> <!-- Login Test -->
  </suite> <!-- All Test Suite -->
</testng-results>
